The target system is: Emscripten - 1 - x86
The host system is: Darwin - 17.4.0 - x86_64
Determining if the include file pthread.h exists passed with the following output:
Change Dir: /Users/Clemsut/Desktop/facerec/opencv/build_wasm/CMakeFiles/CMakeTmp

Run Build Command:"/usr/bin/make" "cmTC_6789e/fast"
/Applications/Xcode.app/Contents/Developer/usr/bin/make -f CMakeFiles/cmTC_6789e.dir/build.make CMakeFiles/cmTC_6789e.dir/build
Building C object CMakeFiles/cmTC_6789e.dir/CheckIncludeFile.c.o
/Users/Clemsut/emsdk/emscripten/incoming/emcc   -s WASM=1    -fsigned-char -W -Wall -Werror=return-type -Werror=non-virtual-dtor -Werror=address -Werror=sequence-point -Wformat -Werror=format-security -Wmissing-declarations -Wmissing-prototypes -Wstrict-prototypes -Wundef -Winit-self -Wpointer-arith -Wshadow -Wsign-promo -Wuninitialized -Winit-self -Wno-narrowing -Wno-delete-non-virtual-dtor -Wno-unnamed-type-template-args -Wno-comment -Wno-implicit-fallthrough -fdiagnostics-show-option -pthread -Qunused-arguments -fomit-frame-pointer -ffunction-sections -fdata-sections  -fvisibility=hidden -fvisibility-inlines-hidden -s ERROR_ON_UNDEFINED_SYMBOLS=1 -DNDEBUG -O2 -fPIE   -o CMakeFiles/cmTC_6789e.dir/CheckIncludeFile.c.o   -c /Users/Clemsut/Desktop/facerec/opencv/build_wasm/CMakeFiles/CMakeTmp/CheckIncludeFile.c
Linking C executable cmTC_6789e.js
/usr/local/Cellar/cmake/3.11.0/bin/cmake -E cmake_link_script CMakeFiles/cmTC_6789e.dir/link.txt --verbose=1
/Users/Clemsut/emsdk/emscripten/incoming/emcc -s WASM=1    -fsigned-char -W -Wall -Werror=return-type -Werror=non-virtual-dtor -Werror=address -Werror=sequence-point -Wformat -Werror=format-security -Wmissing-declarations -Wmissing-prototypes -Wstrict-prototypes -Wundef -Winit-self -Wpointer-arith -Wshadow -Wsign-promo -Wuninitialized -Winit-self -Wno-narrowing -Wno-delete-non-virtual-dtor -Wno-unnamed-type-template-args -Wno-comment -Wno-implicit-fallthrough -fdiagnostics-show-option -pthread -Qunused-arguments -fomit-frame-pointer -ffunction-sections -fdata-sections  -fvisibility=hidden -fvisibility-inlines-hidden -s ERROR_ON_UNDEFINED_SYMBOLS=1 -DNDEBUG -O2    -Wl,--gc-sections  -O2 @CMakeFiles/cmTC_6789e.dir/objects1.rsp  -o cmTC_6789e.js 


Determining if the posix_memalign exist passed with the following output:
Change Dir: /Users/Clemsut/Desktop/facerec/opencv/build_wasm/CMakeFiles/CMakeTmp

Run Build Command:"/usr/bin/make" "cmTC_2ccd5/fast"
/Applications/Xcode.app/Contents/Developer/usr/bin/make -f CMakeFiles/cmTC_2ccd5.dir/build.make CMakeFiles/cmTC_2ccd5.dir/build
Building C object CMakeFiles/cmTC_2ccd5.dir/CheckSymbolExists.c.o
/Users/Clemsut/emsdk/emscripten/incoming/emcc   -s WASM=1    -fsigned-char -W -Wall -Werror=return-type -Werror=non-virtual-dtor -Werror=address -Werror=sequence-point -Wformat -Werror=format-security -Wmissing-declarations -Wmissing-prototypes -Wstrict-prototypes -Wundef -Winit-self -Wpointer-arith -Wshadow -Wsign-promo -Wuninitialized -Winit-self -Wno-narrowing -Wno-delete-non-virtual-dtor -Wno-unnamed-type-template-args -Wno-comment -Wno-implicit-fallthrough -fdiagnostics-show-option -pthread -Qunused-arguments -fomit-frame-pointer -ffunction-sections -fdata-sections  -fvisibility=hidden -fvisibility-inlines-hidden -s ERROR_ON_UNDEFINED_SYMBOLS=1 -DNDEBUG -O2 -fPIE   -o CMakeFiles/cmTC_2ccd5.dir/CheckSymbolExists.c.o   -c /Users/Clemsut/Desktop/facerec/opencv/build_wasm/CMakeFiles/CMakeTmp/CheckSymbolExists.c
Linking C executable cmTC_2ccd5.js
/usr/local/Cellar/cmake/3.11.0/bin/cmake -E cmake_link_script CMakeFiles/cmTC_2ccd5.dir/link.txt --verbose=1
/Users/Clemsut/emsdk/emscripten/incoming/emcc -s WASM=1    -fsigned-char -W -Wall -Werror=return-type -Werror=non-virtual-dtor -Werror=address -Werror=sequence-point -Wformat -Werror=format-security -Wmissing-declarations -Wmissing-prototypes -Wstrict-prototypes -Wundef -Winit-self -Wpointer-arith -Wshadow -Wsign-promo -Wuninitialized -Winit-self -Wno-narrowing -Wno-delete-non-virtual-dtor -Wno-unnamed-type-template-args -Wno-comment -Wno-implicit-fallthrough -fdiagnostics-show-option -pthread -Qunused-arguments -fomit-frame-pointer -ffunction-sections -fdata-sections  -fvisibility=hidden -fvisibility-inlines-hidden -s ERROR_ON_UNDEFINED_SYMBOLS=1 -DNDEBUG -O2    -Wl,--gc-sections  -O2 @CMakeFiles/cmTC_2ccd5.dir/objects1.rsp  -o cmTC_2ccd5.js 

File /Users/Clemsut/Desktop/facerec/opencv/build_wasm/CMakeFiles/CMakeTmp/CheckSymbolExists.c:
/* */
#include <stdlib.h>

int main(int argc, char** argv)
{
  (void)argv;
#ifndef posix_memalign
  return ((int*)(&posix_memalign))[argc];
#else
  (void)argc;
  return 0;
#endif
}

Determining if the include file malloc.h exists passed with the following output:
Change Dir: /Users/Clemsut/Desktop/facerec/opencv/build_wasm/CMakeFiles/CMakeTmp

Run Build Command:"/usr/bin/make" "cmTC_c2d99/fast"
/Applications/Xcode.app/Contents/Developer/usr/bin/make -f CMakeFiles/cmTC_c2d99.dir/build.make CMakeFiles/cmTC_c2d99.dir/build
Building C object CMakeFiles/cmTC_c2d99.dir/CheckIncludeFile.c.o
/Users/Clemsut/emsdk/emscripten/incoming/emcc   -s WASM=1    -fsigned-char -W -Wall -Werror=return-type -Werror=non-virtual-dtor -Werror=address -Werror=sequence-point -Wformat -Werror=format-security -Wmissing-declarations -Wmissing-prototypes -Wstrict-prototypes -Wundef -Winit-self -Wpointer-arith -Wshadow -Wsign-promo -Wuninitialized -Winit-self -Wno-narrowing -Wno-delete-non-virtual-dtor -Wno-unnamed-type-template-args -Wno-comment -Wno-implicit-fallthrough -fdiagnostics-show-option -pthread -Qunused-arguments -fomit-frame-pointer -ffunction-sections -fdata-sections  -fvisibility=hidden -fvisibility-inlines-hidden -s ERROR_ON_UNDEFINED_SYMBOLS=1 -DNDEBUG -O2 -fPIE   -o CMakeFiles/cmTC_c2d99.dir/CheckIncludeFile.c.o   -c /Users/Clemsut/Desktop/facerec/opencv/build_wasm/CMakeFiles/CMakeTmp/CheckIncludeFile.c
Linking C executable cmTC_c2d99.js
/usr/local/Cellar/cmake/3.11.0/bin/cmake -E cmake_link_script CMakeFiles/cmTC_c2d99.dir/link.txt --verbose=1
/Users/Clemsut/emsdk/emscripten/incoming/emcc -s WASM=1    -fsigned-char -W -Wall -Werror=return-type -Werror=non-virtual-dtor -Werror=address -Werror=sequence-point -Wformat -Werror=format-security -Wmissing-declarations -Wmissing-prototypes -Wstrict-prototypes -Wundef -Winit-self -Wpointer-arith -Wshadow -Wsign-promo -Wuninitialized -Winit-self -Wno-narrowing -Wno-delete-non-virtual-dtor -Wno-unnamed-type-template-args -Wno-comment -Wno-implicit-fallthrough -fdiagnostics-show-option -pthread -Qunused-arguments -fomit-frame-pointer -ffunction-sections -fdata-sections  -fvisibility=hidden -fvisibility-inlines-hidden -s ERROR_ON_UNDEFINED_SYMBOLS=1 -DNDEBUG -O2    -Wl,--gc-sections  -O2 @CMakeFiles/cmTC_c2d99.dir/objects1.rsp  -o cmTC_c2d99.js 


Determining if the memalign exist passed with the following output:
Change Dir: /Users/Clemsut/Desktop/facerec/opencv/build_wasm/CMakeFiles/CMakeTmp

Run Build Command:"/usr/bin/make" "cmTC_fcb39/fast"
/Applications/Xcode.app/Contents/Developer/usr/bin/make -f CMakeFiles/cmTC_fcb39.dir/build.make CMakeFiles/cmTC_fcb39.dir/build
Building C object CMakeFiles/cmTC_fcb39.dir/CheckSymbolExists.c.o
/Users/Clemsut/emsdk/emscripten/incoming/emcc   -s WASM=1    -fsigned-char -W -Wall -Werror=return-type -Werror=non-virtual-dtor -Werror=address -Werror=sequence-point -Wformat -Werror=format-security -Wmissing-declarations -Wmissing-prototypes -Wstrict-prototypes -Wundef -Winit-self -Wpointer-arith -Wshadow -Wsign-promo -Wuninitialized -Winit-self -Wno-narrowing -Wno-delete-non-virtual-dtor -Wno-unnamed-type-template-args -Wno-comment -Wno-implicit-fallthrough -fdiagnostics-show-option -pthread -Qunused-arguments -fomit-frame-pointer -ffunction-sections -fdata-sections  -fvisibility=hidden -fvisibility-inlines-hidden -s ERROR_ON_UNDEFINED_SYMBOLS=1 -DNDEBUG -O2 -fPIE   -o CMakeFiles/cmTC_fcb39.dir/CheckSymbolExists.c.o   -c /Users/Clemsut/Desktop/facerec/opencv/build_wasm/CMakeFiles/CMakeTmp/CheckSymbolExists.c
Linking C executable cmTC_fcb39.js
/usr/local/Cellar/cmake/3.11.0/bin/cmake -E cmake_link_script CMakeFiles/cmTC_fcb39.dir/link.txt --verbose=1
/Users/Clemsut/emsdk/emscripten/incoming/emcc -s WASM=1    -fsigned-char -W -Wall -Werror=return-type -Werror=non-virtual-dtor -Werror=address -Werror=sequence-point -Wformat -Werror=format-security -Wmissing-declarations -Wmissing-prototypes -Wstrict-prototypes -Wundef -Winit-self -Wpointer-arith -Wshadow -Wsign-promo -Wuninitialized -Winit-self -Wno-narrowing -Wno-delete-non-virtual-dtor -Wno-unnamed-type-template-args -Wno-comment -Wno-implicit-fallthrough -fdiagnostics-show-option -pthread -Qunused-arguments -fomit-frame-pointer -ffunction-sections -fdata-sections  -fvisibility=hidden -fvisibility-inlines-hidden -s ERROR_ON_UNDEFINED_SYMBOLS=1 -DNDEBUG -O2    -Wl,--gc-sections  -O2 @CMakeFiles/cmTC_fcb39.dir/objects1.rsp  -o cmTC_fcb39.js 

File /Users/Clemsut/Desktop/facerec/opencv/build_wasm/CMakeFiles/CMakeTmp/CheckSymbolExists.c:
/* */
#include <malloc.h>

int main(int argc, char** argv)
{
  (void)argv;
#ifndef memalign
  return ((int*)(&memalign))[argc];
#else
  (void)argc;
  return 0;
#endif
}

Determining if the function fseeko exists passed with the following output:
Change Dir: /Users/Clemsut/Desktop/facerec/opencv/build_wasm/CMakeFiles/CMakeTmp

Run Build Command:"/usr/bin/make" "cmTC_080de/fast"
/Applications/Xcode.app/Contents/Developer/usr/bin/make -f CMakeFiles/cmTC_080de.dir/build.make CMakeFiles/cmTC_080de.dir/build
Building C object CMakeFiles/cmTC_080de.dir/CheckFunctionExists.c.o
/Users/Clemsut/emsdk/emscripten/incoming/emcc   -s WASM=1    -fsigned-char -W -Wall -Werror=return-type -Werror=non-virtual-dtor -Werror=address -Werror=sequence-point -Wformat -Werror=format-security -Wmissing-declarations -Wmissing-prototypes -Wstrict-prototypes -Wundef -Winit-self -Wpointer-arith -Wshadow -Wsign-promo -Wuninitialized -Winit-self -Wno-narrowing -Wno-delete-non-virtual-dtor -Wno-unnamed-type-template-args -Wno-comment -Wno-implicit-fallthrough -fdiagnostics-show-option -pthread -Qunused-arguments -fomit-frame-pointer -ffunction-sections -fdata-sections  -fvisibility=hidden -fvisibility-inlines-hidden -DCHECK_FUNCTION_EXISTS=fseeko -s ERROR_ON_UNDEFINED_SYMBOLS=1 -DNDEBUG -O2 -fPIE   -o CMakeFiles/cmTC_080de.dir/CheckFunctionExists.c.o   -c /usr/local/Cellar/cmake/3.11.0/share/cmake/Modules/CheckFunctionExists.c
Linking C executable cmTC_080de.js
/usr/local/Cellar/cmake/3.11.0/bin/cmake -E cmake_link_script CMakeFiles/cmTC_080de.dir/link.txt --verbose=1
/Users/Clemsut/emsdk/emscripten/incoming/emcc -s WASM=1    -fsigned-char -W -Wall -Werror=return-type -Werror=non-virtual-dtor -Werror=address -Werror=sequence-point -Wformat -Werror=format-security -Wmissing-declarations -Wmissing-prototypes -Wstrict-prototypes -Wundef -Winit-self -Wpointer-arith -Wshadow -Wsign-promo -Wuninitialized -Winit-self -Wno-narrowing -Wno-delete-non-virtual-dtor -Wno-unnamed-type-template-args -Wno-comment -Wno-implicit-fallthrough -fdiagnostics-show-option -pthread -Qunused-arguments -fomit-frame-pointer -ffunction-sections -fdata-sections  -fvisibility=hidden -fvisibility-inlines-hidden -DCHECK_FUNCTION_EXISTS=fseeko -s ERROR_ON_UNDEFINED_SYMBOLS=1 -DNDEBUG -O2    -Wl,--gc-sections  -O2 @CMakeFiles/cmTC_080de.dir/objects1.rsp  -o cmTC_080de.js 
warning: asm2wasm adding operands in call from $_main to $___fseeko (this is likely due to undefined behavior in C, like defining a function one way and calling it in another, which is important to fix)


Determining if the include file unistd.h exists passed with the following output:
Change Dir: /Users/Clemsut/Desktop/facerec/opencv/build_wasm/CMakeFiles/CMakeTmp

Run Build Command:"/usr/bin/make" "cmTC_0b45c/fast"
/Applications/Xcode.app/Contents/Developer/usr/bin/make -f CMakeFiles/cmTC_0b45c.dir/build.make CMakeFiles/cmTC_0b45c.dir/build
Building C object CMakeFiles/cmTC_0b45c.dir/CheckIncludeFile.c.o
/Users/Clemsut/emsdk/emscripten/incoming/emcc   -s WASM=1    -fsigned-char -W -Wall -Werror=return-type -Werror=non-virtual-dtor -Werror=address -Werror=sequence-point -Wformat -Werror=format-security -Wmissing-declarations -Wmissing-prototypes -Wstrict-prototypes -Wundef -Winit-self -Wpointer-arith -Wshadow -Wsign-promo -Wuninitialized -Winit-self -Wno-narrowing -Wno-delete-non-virtual-dtor -Wno-unnamed-type-template-args -Wno-comment -Wno-implicit-fallthrough -fdiagnostics-show-option -pthread -Qunused-arguments -fomit-frame-pointer -ffunction-sections -fdata-sections  -fvisibility=hidden -fvisibility-inlines-hidden -s ERROR_ON_UNDEFINED_SYMBOLS=1 -DNDEBUG -O2 -fPIE   -o CMakeFiles/cmTC_0b45c.dir/CheckIncludeFile.c.o   -c /Users/Clemsut/Desktop/facerec/opencv/build_wasm/CMakeFiles/CMakeTmp/CheckIncludeFile.c
Linking C executable cmTC_0b45c.js
/usr/local/Cellar/cmake/3.11.0/bin/cmake -E cmake_link_script CMakeFiles/cmTC_0b45c.dir/link.txt --verbose=1
/Users/Clemsut/emsdk/emscripten/incoming/emcc -s WASM=1    -fsigned-char -W -Wall -Werror=return-type -Werror=non-virtual-dtor -Werror=address -Werror=sequence-point -Wformat -Werror=format-security -Wmissing-declarations -Wmissing-prototypes -Wstrict-prototypes -Wundef -Winit-self -Wpointer-arith -Wshadow -Wsign-promo -Wuninitialized -Winit-self -Wno-narrowing -Wno-delete-non-virtual-dtor -Wno-unnamed-type-template-args -Wno-comment -Wno-implicit-fallthrough -fdiagnostics-show-option -pthread -Qunused-arguments -fomit-frame-pointer -ffunction-sections -fdata-sections  -fvisibility=hidden -fvisibility-inlines-hidden -s ERROR_ON_UNDEFINED_SYMBOLS=1 -DNDEBUG -O2    -Wl,--gc-sections  -O2 @CMakeFiles/cmTC_0b45c.dir/objects1.rsp  -o cmTC_0b45c.js 


Determining if the include file sys/types.h exists passed with the following output:
Change Dir: /Users/Clemsut/Desktop/facerec/opencv/build_wasm/CMakeFiles/CMakeTmp

Run Build Command:"/usr/bin/make" "cmTC_0e4c9/fast"
/Applications/Xcode.app/Contents/Developer/usr/bin/make -f CMakeFiles/cmTC_0e4c9.dir/build.make CMakeFiles/cmTC_0e4c9.dir/build
Building C object CMakeFiles/cmTC_0e4c9.dir/CheckIncludeFile.c.o
/Users/Clemsut/emsdk/emscripten/incoming/emcc   -s WASM=1    -fsigned-char -W -Wall -Werror=return-type -Werror=non-virtual-dtor -Werror=address -Werror=sequence-point -Wformat -Werror=format-security -Wmissing-declarations -Wmissing-prototypes -Wstrict-prototypes -Wundef -Winit-self -Wpointer-arith -Wshadow -Wsign-promo -Wuninitialized -Winit-self -Wno-narrowing -Wno-delete-non-virtual-dtor -Wno-unnamed-type-template-args -Wno-comment -Wno-implicit-fallthrough -fdiagnostics-show-option -pthread -Qunused-arguments -fomit-frame-pointer -ffunction-sections -fdata-sections  -fvisibility=hidden -fvisibility-inlines-hidden -s ERROR_ON_UNDEFINED_SYMBOLS=1 -DNDEBUG -O2 -fPIE   -o CMakeFiles/cmTC_0e4c9.dir/CheckIncludeFile.c.o   -c /Users/Clemsut/Desktop/facerec/opencv/build_wasm/CMakeFiles/CMakeTmp/CheckIncludeFile.c
Linking C executable cmTC_0e4c9.js
/usr/local/Cellar/cmake/3.11.0/bin/cmake -E cmake_link_script CMakeFiles/cmTC_0e4c9.dir/link.txt --verbose=1
/Users/Clemsut/emsdk/emscripten/incoming/emcc -s WASM=1    -fsigned-char -W -Wall -Werror=return-type -Werror=non-virtual-dtor -Werror=address -Werror=sequence-point -Wformat -Werror=format-security -Wmissing-declarations -Wmissing-prototypes -Wstrict-prototypes -Wundef -Winit-self -Wpointer-arith -Wshadow -Wsign-promo -Wuninitialized -Winit-self -Wno-narrowing -Wno-delete-non-virtual-dtor -Wno-unnamed-type-template-args -Wno-comment -Wno-implicit-fallthrough -fdiagnostics-show-option -pthread -Qunused-arguments -fomit-frame-pointer -ffunction-sections -fdata-sections  -fvisibility=hidden -fvisibility-inlines-hidden -s ERROR_ON_UNDEFINED_SYMBOLS=1 -DNDEBUG -O2    -Wl,--gc-sections  -O2 @CMakeFiles/cmTC_0e4c9.dir/objects1.rsp  -o cmTC_0e4c9.js 


Determining if the include file stdint.h exists passed with the following output:
Change Dir: /Users/Clemsut/Desktop/facerec/opencv/build_wasm/CMakeFiles/CMakeTmp

Run Build Command:"/usr/bin/make" "cmTC_22567/fast"
/Applications/Xcode.app/Contents/Developer/usr/bin/make -f CMakeFiles/cmTC_22567.dir/build.make CMakeFiles/cmTC_22567.dir/build
Building C object CMakeFiles/cmTC_22567.dir/CheckIncludeFile.c.o
/Users/Clemsut/emsdk/emscripten/incoming/emcc   -s WASM=1    -fsigned-char -W -Wall -Werror=return-type -Werror=non-virtual-dtor -Werror=address -Werror=sequence-point -Wformat -Werror=format-security -Wmissing-declarations -Wmissing-prototypes -Wstrict-prototypes -Wundef -Winit-self -Wpointer-arith -Wshadow -Wsign-promo -Wuninitialized -Winit-self -Wno-narrowing -Wno-delete-non-virtual-dtor -Wno-unnamed-type-template-args -Wno-comment -Wno-implicit-fallthrough -fdiagnostics-show-option -pthread -Qunused-arguments -fomit-frame-pointer -ffunction-sections -fdata-sections  -fvisibility=hidden -fvisibility-inlines-hidden -s ERROR_ON_UNDEFINED_SYMBOLS=1 -DNDEBUG -O2 -fPIE   -o CMakeFiles/cmTC_22567.dir/CheckIncludeFile.c.o   -c /Users/Clemsut/Desktop/facerec/opencv/build_wasm/CMakeFiles/CMakeTmp/CheckIncludeFile.c
Linking C executable cmTC_22567.js
/usr/local/Cellar/cmake/3.11.0/bin/cmake -E cmake_link_script CMakeFiles/cmTC_22567.dir/link.txt --verbose=1
/Users/Clemsut/emsdk/emscripten/incoming/emcc -s WASM=1    -fsigned-char -W -Wall -Werror=return-type -Werror=non-virtual-dtor -Werror=address -Werror=sequence-point -Wformat -Werror=format-security -Wmissing-declarations -Wmissing-prototypes -Wstrict-prototypes -Wundef -Winit-self -Wpointer-arith -Wshadow -Wsign-promo -Wuninitialized -Winit-self -Wno-narrowing -Wno-delete-non-virtual-dtor -Wno-unnamed-type-template-args -Wno-comment -Wno-implicit-fallthrough -fdiagnostics-show-option -pthread -Qunused-arguments -fomit-frame-pointer -ffunction-sections -fdata-sections  -fvisibility=hidden -fvisibility-inlines-hidden -s ERROR_ON_UNDEFINED_SYMBOLS=1 -DNDEBUG -O2    -Wl,--gc-sections  -O2 @CMakeFiles/cmTC_22567.dir/objects1.rsp  -o cmTC_22567.js 


Determining if the include file stddef.h exists passed with the following output:
Change Dir: /Users/Clemsut/Desktop/facerec/opencv/build_wasm/CMakeFiles/CMakeTmp

Run Build Command:"/usr/bin/make" "cmTC_0b691/fast"
/Applications/Xcode.app/Contents/Developer/usr/bin/make -f CMakeFiles/cmTC_0b691.dir/build.make CMakeFiles/cmTC_0b691.dir/build
Building C object CMakeFiles/cmTC_0b691.dir/CheckIncludeFile.c.o
/Users/Clemsut/emsdk/emscripten/incoming/emcc   -s WASM=1    -fsigned-char -W -Wall -Werror=return-type -Werror=non-virtual-dtor -Werror=address -Werror=sequence-point -Wformat -Werror=format-security -Wmissing-declarations -Wmissing-prototypes -Wstrict-prototypes -Wundef -Winit-self -Wpointer-arith -Wshadow -Wsign-promo -Wuninitialized -Winit-self -Wno-narrowing -Wno-delete-non-virtual-dtor -Wno-unnamed-type-template-args -Wno-comment -Wno-implicit-fallthrough -fdiagnostics-show-option -pthread -Qunused-arguments -fomit-frame-pointer -ffunction-sections -fdata-sections  -fvisibility=hidden -fvisibility-inlines-hidden -s ERROR_ON_UNDEFINED_SYMBOLS=1 -DNDEBUG -O2 -fPIE   -o CMakeFiles/cmTC_0b691.dir/CheckIncludeFile.c.o   -c /Users/Clemsut/Desktop/facerec/opencv/build_wasm/CMakeFiles/CMakeTmp/CheckIncludeFile.c
Linking C executable cmTC_0b691.js
/usr/local/Cellar/cmake/3.11.0/bin/cmake -E cmake_link_script CMakeFiles/cmTC_0b691.dir/link.txt --verbose=1
/Users/Clemsut/emsdk/emscripten/incoming/emcc -s WASM=1    -fsigned-char -W -Wall -Werror=return-type -Werror=non-virtual-dtor -Werror=address -Werror=sequence-point -Wformat -Werror=format-security -Wmissing-declarations -Wmissing-prototypes -Wstrict-prototypes -Wundef -Winit-self -Wpointer-arith -Wshadow -Wsign-promo -Wuninitialized -Winit-self -Wno-narrowing -Wno-delete-non-virtual-dtor -Wno-unnamed-type-template-args -Wno-comment -Wno-implicit-fallthrough -fdiagnostics-show-option -pthread -Qunused-arguments -fomit-frame-pointer -ffunction-sections -fdata-sections  -fvisibility=hidden -fvisibility-inlines-hidden -s ERROR_ON_UNDEFINED_SYMBOLS=1 -DNDEBUG -O2    -Wl,--gc-sections  -O2 @CMakeFiles/cmTC_0b691.dir/objects1.rsp  -o cmTC_0b691.js 


